2021-06-09T18:43:13+00:00 CRITICAL syntax error, unexpected 'endif' (T_ENDIF) in /var/www/html/newsite/wp-content/themes/shop/slider.php on line 25

2021-06-09T18:43:38+00:00 CRITICAL syntax error, unexpected 'endif' (T_ENDIF) in /var/www/html/newsite/wp-content/themes/shop/slider.php on line 25

2021-06-09T18:43:51+00:00 CRITICAL syntax error, unexpected end of file in /var/www/html/newsite/wp-content/themes/shop/slider.php on line 37

2021-06-09T18:45:15+00:00 CRITICAL syntax error, unexpected ':' in /var/www/html/newsite/wp-content/themes/shop/slider.php on line 12

2021-06-09T18:45:27+00:00 CRITICAL syntax error, unexpected end of file in /var/www/html/newsite/wp-content/themes/shop/slider.php on line 37

2021-06-09T18:49:13+00:00 CRITICAL syntax error, unexpected end of file in /var/www/html/newsite/wp-content/themes/shop/slider.php on line 37

2021-06-09T18:52:56+00:00 CRITICAL syntax error, unexpected end of file in /var/www/html/newsite/wp-content/themes/shop/slider.php on line 37

2021-06-09T18:53:31+00:00 CRITICAL syntax error, unexpected '}' in /var/www/html/newsite/wp-content/themes/shop/slider.php on line 23

2021-06-09T18:57:34+00:00 CRITICAL syntax error, unexpected end of file in /var/www/html/newsite/wp-content/themes/shop/slider.php on line 37

2021-06-09T18:57:59+00:00 CRITICAL syntax error, unexpected 'endif' (T_ENDIF) in /var/www/html/newsite/wp-content/themes/shop/slider.php on line 24

2021-06-09T18:59:23+00:00 CRITICAL Uncaught Error: Call to undefined function the_get_ID() in /var/www/html/newsite/wp-content/themes/shop/slider.php:16
Stack trace:
#0 /var/www/html/newsite/wp-includes/template.php(732): require()
#1 /var/www/html/newsite/wp-includes/template.php(676): load_template()
#2 /var/www/html/newsite/wp-includes/general-template.php(204): locate_template()
#3 /var/www/html/newsite/wp-content/themes/shop/index.php(4): get_template_part()
#4 /var/www/html/newsite/wp-includes/template-loader.php(106): include('/var/www/html/n...')
#5 /var/www/html/newsite/wp-blog-header.php(19): require_once('/var/www/html/n...')
#6 /var/www/html/newsite/index.php(17): require('/var/www/html/n...')
#7 {main}
  thrown in /var/www/html/newsite/wp-content/themes/shop/slider.php on line 16

2021-06-09T18:59:57+00:00 CRITICAL Uncaught Error: Call to undefined function the_get_ID() in /var/www/html/newsite/wp-content/themes/shop/slider.php:16
Stack trace:
#0 /var/www/html/newsite/wp-includes/template.php(732): require()
#1 /var/www/html/newsite/wp-includes/template.php(676): load_template()
#2 /var/www/html/newsite/wp-includes/general-template.php(204): locate_template()
#3 /var/www/html/newsite/wp-content/themes/shop/index.php(4): get_template_part()
#4 /var/www/html/newsite/wp-includes/template-loader.php(106): include('/var/www/html/n...')
#5 /var/www/html/newsite/wp-blog-header.php(19): require_once('/var/www/html/n...')
#6 /var/www/html/newsite/index.php(17): require('/var/www/html/n...')
#7 {main}
  thrown in /var/www/html/newsite/wp-content/themes/shop/slider.php on line 16

